[DEBUG]2024-05-15 14:29:01,130: <re.Match object; span=(1088, 1781), match='typedef enum {\n    ES_NO_EVENT, ES_ERROR, /* use>
[DEBUG]2024-05-15 14:29:01,130: ['ES_NO_EVENT', 'ES_ERROR', 'ES_INIT', 'ES_ENTRY', 'ES_EXIT', 'ES_KEYINPUT', 'ES_LISTEVENTS', 'ES_TIMEOUT', 'ES_TIMERACTIVE', 'ES_TIMERSTOPPED', 'BATTERY_CONNECTED', 'BATTERY_DISCONNECTED', 'NUMBEROFEVENTS']
[DEBUG]2024-05-15 14:29:01,130: 
static const char *EventNames[] = {
	"ES_NO_EVENT",
	"ES_ERROR",
	"ES_INIT",
	"ES_ENTRY",
	"ES_EXIT",
	"ES_KEYINPUT",
	"ES_LISTEVENTS",
	"ES_TIMEOUT",
	"ES_TIMERACTIVE",
	"ES_TIMERSTOPPED",
	"BATTERY_CONNECTED",
	"BATTERY_DISCONNECTED",
	"NUMBEROFEVENTS",
};


[DEBUG]2024-05-15 14:29:01,132: None
[DEBUG]2024-05-15 14:29:01,132: None
[DEBUG]2024-05-15 14:29:01,133: None
[DEBUG]2024-05-15 14:29:01,133: None
[DEBUG]2024-05-15 14:29:01,133: None
[DEBUG]2024-05-15 14:29:01,133: None
[DEBUG]2024-05-15 14:29:01,133: None
[DEBUG]2024-05-15 14:29:01,133: None
[DEBUG]2024-05-15 14:29:01,133: None
[DEBUG]2024-05-15 14:29:01,134: None
[DEBUG]2024-05-15 14:29:01,134: None
[DEBUG]2024-05-15 14:29:01,134: None
[DEBUG]2024-05-15 14:29:01,134: None
[DEBUG]2024-05-15 14:29:01,134: None
[DEBUG]2024-05-15 14:29:01,134: None
[DEBUG]2024-05-15 14:29:01,134: None
[DEBUG]2024-05-15 14:29:01,134: None
[DEBUG]2024-05-15 14:29:01,134: None
[DEBUG]2024-05-15 14:29:01,134: None
[DEBUG]2024-05-15 14:29:01,134: None
[DEBUG]2024-05-15 14:29:01,135: None
[DEBUG]2024-05-15 14:29:01,135: None
[DEBUG]2024-05-15 14:29:01,135: None
[DEBUG]2024-05-15 14:29:01,135: None
[DEBUG]2024-05-15 14:29:01,135: None
[DEBUG]2024-05-15 14:29:01,135: None
[DEBUG]2024-05-15 14:29:01,135: None
[DEBUG]2024-05-15 14:29:01,136: None
[DEBUG]2024-05-15 14:29:01,136: None
[DEBUG]2024-05-15 14:29:01,136: None
[DEBUG]2024-05-15 14:29:01,136: None
[DEBUG]2024-05-15 14:29:01,136: None
[DEBUG]2024-05-15 14:29:01,136: None
[DEBUG]2024-05-15 14:29:01,136: None
[DEBUG]2024-05-15 14:29:01,136: None
[DEBUG]2024-05-15 14:29:01,136: None
[DEBUG]2024-05-15 14:29:01,136: None
[DEBUG]2024-05-15 14:29:01,136: None
[DEBUG]2024-05-15 14:29:01,136: None
[DEBUG]2024-05-15 14:29:01,136: None
[DEBUG]2024-05-15 14:29:01,136: None
[DEBUG]2024-05-15 14:29:01,136: None
[DEBUG]2024-05-15 14:29:01,136: None
[DEBUG]2024-05-15 14:29:01,136: None
[DEBUG]2024-05-15 14:29:01,137: None
[DEBUG]2024-05-15 14:29:01,137: None
[DEBUG]2024-05-15 14:29:01,137: None
[DEBUG]2024-05-15 14:29:01,137: None
[DEBUG]2024-05-15 14:29:01,137: None
[DEBUG]2024-05-15 14:29:01,137: None
[DEBUG]2024-05-15 14:29:01,137: None
[DEBUG]2024-05-15 14:29:01,137: None
[DEBUG]2024-05-15 14:29:01,137: None
[DEBUG]2024-05-15 14:29:01,137: None
[DEBUG]2024-05-15 14:29:01,138: None
[DEBUG]2024-05-15 14:29:01,138: None
[DEBUG]2024-05-15 14:29:01,138: None
[DEBUG]2024-05-15 14:29:01,138: None
[DEBUG]2024-05-15 14:29:01,138: None
[DEBUG]2024-05-15 14:29:01,138: None
[DEBUG]2024-05-15 14:29:01,138: None
[DEBUG]2024-05-15 14:29:01,138: None
[DEBUG]2024-05-15 14:29:01,138: None
[DEBUG]2024-05-15 14:29:01,138: None
[DEBUG]2024-05-15 14:29:01,138: None
[DEBUG]2024-05-15 14:29:01,138: None
[DEBUG]2024-05-15 14:29:01,138: None
[DEBUG]2024-05-15 14:29:01,138: None
[DEBUG]2024-05-15 14:29:01,138: None
[DEBUG]2024-05-15 14:29:01,138: None
[DEBUG]2024-05-15 14:29:01,138: None
[DEBUG]2024-05-15 14:29:01,138: None
[DEBUG]2024-05-15 14:29:01,138: None
[DEBUG]2024-05-15 14:29:01,138: None
[DEBUG]2024-05-15 14:29:01,138: None
[DEBUG]2024-05-15 14:29:01,138: None
[DEBUG]2024-05-15 14:29:01,138: None
[DEBUG]2024-05-15 14:29:01,139: None
[DEBUG]2024-05-15 14:29:01,139: None
[DEBUG]2024-05-15 14:29:01,139: None
[DEBUG]2024-05-15 14:29:01,139: None
[DEBUG]2024-05-15 14:29:01,139: None
[DEBUG]2024-05-15 14:29:01,139: None
[DEBUG]2024-05-15 14:29:01,139: None
[DEBUG]2024-05-15 14:29:01,139: None
[DEBUG]2024-05-15 14:29:01,139: None
[DEBUG]2024-05-15 14:29:01,139: None
[DEBUG]2024-05-15 14:29:01,139: None
[DEBUG]2024-05-15 14:29:01,139: None
[DEBUG]2024-05-15 14:29:01,139: None
[DEBUG]2024-05-15 14:29:01,140: None
[DEBUG]2024-05-15 14:29:01,140: None
[DEBUG]2024-05-15 14:29:01,140: None
[DEBUG]2024-05-15 14:29:01,140: None
[DEBUG]2024-05-15 14:29:01,140: None
[DEBUG]2024-05-15 14:29:01,140: None
[DEBUG]2024-05-15 14:29:01,140: None
[DEBUG]2024-05-15 14:29:01,140: None
[DEBUG]2024-05-15 14:29:01,140: None
[DEBUG]2024-05-15 14:29:01,140: None
[DEBUG]2024-05-15 14:29:01,140: None
[DEBUG]2024-05-15 14:29:01,140: None
[DEBUG]2024-05-15 14:29:01,140: None
[DEBUG]2024-05-15 14:29:01,140: None
[DEBUG]2024-05-15 14:29:01,140: None
[DEBUG]2024-05-15 14:29:01,140: None
[DEBUG]2024-05-15 14:29:01,140: None
[DEBUG]2024-05-15 14:29:01,140: None
[DEBUG]2024-05-15 14:29:01,140: None
[DEBUG]2024-05-15 14:29:01,140: None
[DEBUG]2024-05-15 14:29:01,140: None
[DEBUG]2024-05-15 14:29:01,140: None
[DEBUG]2024-05-15 14:29:01,140: None
[DEBUG]2024-05-15 14:29:01,140: None
[DEBUG]2024-05-15 14:29:01,140: None
[DEBUG]2024-05-15 14:29:01,140: None
[DEBUG]2024-05-15 14:29:01,140: None
[DEBUG]2024-05-15 14:29:01,140: None
[DEBUG]2024-05-15 14:29:01,140: None
[DEBUG]2024-05-15 14:29:01,141: None
[DEBUG]2024-05-15 14:29:01,141: None
[DEBUG]2024-05-15 14:29:01,141: None
[DEBUG]2024-05-15 14:29:01,141: None
[DEBUG]2024-05-15 14:29:01,141: None
[DEBUG]2024-05-15 14:29:01,141: None
[DEBUG]2024-05-15 14:29:01,141: None
[DEBUG]2024-05-15 14:29:01,141: None
[DEBUG]2024-05-15 14:29:01,141: None
[DEBUG]2024-05-15 14:29:01,141: None
[DEBUG]2024-05-15 14:29:01,141: None
[DEBUG]2024-05-15 14:29:01,141: None
[DEBUG]2024-05-15 14:29:01,141: None
[DEBUG]2024-05-15 14:29:01,141: None
[DEBUG]2024-05-15 14:29:01,141: None
[DEBUG]2024-05-15 14:29:01,141: None
[DEBUG]2024-05-15 14:29:01,142: None
[DEBUG]2024-05-15 14:29:01,142: None
[DEBUG]2024-05-15 14:29:01,142: None
[DEBUG]2024-05-15 14:29:01,142: None
[DEBUG]2024-05-15 14:29:01,142: None
[DEBUG]2024-05-15 14:29:01,142: None
[DEBUG]2024-05-15 14:29:01,142: None
[DEBUG]2024-05-15 14:29:01,142: None
[DEBUG]2024-05-15 14:29:01,142: None
[DEBUG]2024-05-15 14:29:01,142: None
[DEBUG]2024-05-15 14:29:01,142: None
[DEBUG]2024-05-15 14:29:01,142: None
[DEBUG]2024-05-15 14:29:01,142: None
[DEBUG]2024-05-15 14:29:01,142: None
[DEBUG]2024-05-15 14:29:01,142: None
[DEBUG]2024-05-15 14:29:01,142: None
[DEBUG]2024-05-15 14:29:01,142: None
[DEBUG]2024-05-15 14:29:01,143: None
[DEBUG]2024-05-15 14:29:01,143: None
[DEBUG]2024-05-15 14:29:01,143: None
[DEBUG]2024-05-15 14:29:01,143: None
[DEBUG]2024-05-15 14:29:01,143: None
[DEBUG]2024-05-15 14:29:01,143: None
[DEBUG]2024-05-15 14:29:01,143: None
[DEBUG]2024-05-15 14:29:01,143: None
[DEBUG]2024-05-15 14:29:01,143: None
[DEBUG]2024-05-15 14:29:01,143: None
[DEBUG]2024-05-15 14:29:01,143: None
[DEBUG]2024-05-15 14:29:01,143: None
[DEBUG]2024-05-15 14:29:01,143: None
[DEBUG]2024-05-15 14:29:01,143: None
[DEBUG]2024-05-15 14:29:01,143: None
[DEBUG]2024-05-15 14:29:01,143: None
[DEBUG]2024-05-15 14:29:01,143: None
[DEBUG]2024-05-15 14:29:01,143: None
[DEBUG]2024-05-15 14:29:01,144: None
[DEBUG]2024-05-15 14:29:01,144: None
[DEBUG]2024-05-15 14:29:01,144: None
[DEBUG]2024-05-15 14:29:01,144: None
[DEBUG]2024-05-15 14:29:01,144: None
[DEBUG]2024-05-15 14:29:01,144: None
[DEBUG]2024-05-15 14:29:01,144: None
[DEBUG]2024-05-15 14:29:01,144: None
[DEBUG]2024-05-15 14:29:01,144: None
[DEBUG]2024-05-15 14:29:01,144: None
[DEBUG]2024-05-15 14:29:01,144: None
[DEBUG]2024-05-15 14:29:01,144: None
[DEBUG]2024-05-15 14:29:01,144: None
[DEBUG]2024-05-15 14:29:01,144: None
[DEBUG]2024-05-15 14:29:01,144: None
[DEBUG]2024-05-15 14:29:01,144: None
[DEBUG]2024-05-15 14:29:01,144: None
[DEBUG]2024-05-15 14:29:01,144: None
[DEBUG]2024-05-15 14:29:01,144: None
[DEBUG]2024-05-15 14:29:01,145: None
[DEBUG]2024-05-15 14:29:01,145: None
[DEBUG]2024-05-15 14:29:01,145: None
[DEBUG]2024-05-15 14:29:01,145: None
[DEBUG]2024-05-15 14:29:01,145: None
[DEBUG]2024-05-15 14:29:01,145: None
[DEBUG]2024-05-15 14:29:01,145: None
[DEBUG]2024-05-15 14:29:01,145: None
[DEBUG]2024-05-15 14:29:01,145: None
[DEBUG]2024-05-15 14:29:01,145: None
[DEBUG]2024-05-15 14:29:01,145: None
[DEBUG]2024-05-15 14:29:01,145: None
[DEBUG]2024-05-15 14:29:01,145: None
[DEBUG]2024-05-15 14:29:01,145: None
[DEBUG]2024-05-15 14:29:01,145: None
[DEBUG]2024-05-15 14:29:01,145: None
[DEBUG]2024-05-15 14:29:01,145: None
[DEBUG]2024-05-15 14:29:01,145: None
[DEBUG]2024-05-15 14:29:01,145: None
[DEBUG]2024-05-15 14:29:01,145: None
[DEBUG]2024-05-15 14:29:01,146: None
[DEBUG]2024-05-15 14:29:01,146: None
[DEBUG]2024-05-15 14:29:01,146: None
[DEBUG]2024-05-15 14:29:01,146: None
[DEBUG]2024-05-15 14:29:01,146: None
[DEBUG]2024-05-15 14:29:01,146: None
[DEBUG]2024-05-15 14:29:01,146: None
[DEBUG]2024-05-15 14:29:01,146: None
[DEBUG]2024-05-15 14:29:01,146: None
[DEBUG]2024-05-15 14:29:01,146: None
[DEBUG]2024-05-15 14:29:01,146: None
[DEBUG]2024-05-15 14:29:01,146: None
[DEBUG]2024-05-15 14:29:01,146: None
[DEBUG]2024-05-15 14:29:01,146: None
[DEBUG]2024-05-15 14:29:01,146: None
[DEBUG]2024-05-15 14:29:01,146: None
[DEBUG]2024-05-15 14:29:01,146: None
[DEBUG]2024-05-15 14:29:01,146: None
[DEBUG]2024-05-15 14:29:01,146: None
[DEBUG]2024-05-15 14:29:01,146: None
[DEBUG]2024-05-15 14:29:01,146: None
[DEBUG]2024-05-15 14:29:01,147: None
[DEBUG]2024-05-15 14:29:01,147: None
[DEBUG]2024-05-15 14:29:01,147: None
[DEBUG]2024-05-15 14:29:01,147: None
[DEBUG]2024-05-15 14:29:01,147: None
[DEBUG]2024-05-15 14:29:01,147: None
[DEBUG]2024-05-15 14:29:01,147: None
[DEBUG]2024-05-15 14:29:01,147: None
[DEBUG]2024-05-15 14:29:01,147: None
[DEBUG]2024-05-15 14:29:01,147: None
[DEBUG]2024-05-15 14:29:01,147: None
[DEBUG]2024-05-15 14:29:01,147: None
[DEBUG]2024-05-15 14:29:01,147: None
[DEBUG]2024-05-15 14:29:01,147: None
[DEBUG]2024-05-15 14:29:01,147: None
[DEBUG]2024-05-15 14:29:01,147: None
[DEBUG]2024-05-15 14:29:01,147: None
[DEBUG]2024-05-15 14:29:01,147: None
[DEBUG]2024-05-15 14:29:01,147: None
[DEBUG]2024-05-15 14:29:01,147: None
[DEBUG]2024-05-15 14:29:01,147: None
[DEBUG]2024-05-15 14:29:01,147: None
[DEBUG]2024-05-15 14:29:01,148: None
[DEBUG]2024-05-15 14:29:01,148: None
[DEBUG]2024-05-15 14:29:01,148: None
[DEBUG]2024-05-15 14:29:01,148: None
[DEBUG]2024-05-15 14:29:01,148: None
[DEBUG]2024-05-15 14:29:01,148: None
[DEBUG]2024-05-15 14:29:01,148: None
[DEBUG]2024-05-15 14:29:01,148: None
[DEBUG]2024-05-15 14:29:01,148: None
[DEBUG]2024-05-15 14:29:01,148: None
[DEBUG]2024-05-15 14:29:01,148: None
[DEBUG]2024-05-15 14:29:01,148: None
[DEBUG]2024-05-15 14:29:01,148: None
[DEBUG]2024-05-15 14:29:01,148: None
[DEBUG]2024-05-15 14:29:01,148: None
[DEBUG]2024-05-15 14:29:01,148: None
[DEBUG]2024-05-15 14:29:01,148: None
[DEBUG]2024-05-15 14:29:01,148: None
[DEBUG]2024-05-15 14:29:01,148: None
[DEBUG]2024-05-15 14:29:01,148: None
[DEBUG]2024-05-15 14:29:01,148: None
[DEBUG]2024-05-15 14:29:01,148: None
[DEBUG]2024-05-15 14:29:01,148: None
[DEBUG]2024-05-15 14:29:18,735: <re.Match object; span=(1088, 1781), match='typedef enum {\n    ES_NO_EVENT, ES_ERROR, /* use>
[DEBUG]2024-05-15 14:29:18,736: ['ES_NO_EVENT', 'ES_ERROR', 'ES_INIT', 'ES_ENTRY', 'ES_EXIT', 'ES_KEYINPUT', 'ES_LISTEVENTS', 'ES_TIMEOUT', 'ES_TIMERACTIVE', 'ES_TIMERSTOPPED', 'BATTERY_CONNECTED', 'BATTERY_DISCONNECTED', 'NUMBEROFEVENTS']
[DEBUG]2024-05-15 14:29:18,736: 
static const char *EventNames[] = {
	"ES_NO_EVENT",
	"ES_ERROR",
	"ES_INIT",
	"ES_ENTRY",
	"ES_EXIT",
	"ES_KEYINPUT",
	"ES_LISTEVENTS",
	"ES_TIMEOUT",
	"ES_TIMERACTIVE",
	"ES_TIMERSTOPPED",
	"BATTERY_CONNECTED",
	"BATTERY_DISCONNECTED",
	"NUMBEROFEVENTS",
};


[DEBUG]2024-05-15 14:29:18,737: None
[DEBUG]2024-05-15 14:29:18,737: None
[DEBUG]2024-05-15 14:29:18,737: None
[DEBUG]2024-05-15 14:29:18,737: None
[DEBUG]2024-05-15 14:29:18,737: None
[DEBUG]2024-05-15 14:29:18,738: None
[DEBUG]2024-05-15 14:29:18,738: None
[DEBUG]2024-05-15 14:29:18,738: None
[DEBUG]2024-05-15 14:29:18,738: None
[DEBUG]2024-05-15 14:29:18,738: None
[DEBUG]2024-05-15 14:29:18,738: None
[DEBUG]2024-05-15 14:29:18,738: None
[DEBUG]2024-05-15 14:29:18,738: None
[DEBUG]2024-05-15 14:29:18,738: None
[DEBUG]2024-05-15 14:29:18,739: None
[DEBUG]2024-05-15 14:29:18,739: None
[DEBUG]2024-05-15 14:29:18,739: None
[DEBUG]2024-05-15 14:29:18,739: None
[DEBUG]2024-05-15 14:29:18,739: None
[DEBUG]2024-05-15 14:29:18,739: None
[DEBUG]2024-05-15 14:29:18,739: None
[DEBUG]2024-05-15 14:29:18,739: None
[DEBUG]2024-05-15 14:29:18,739: None
[DEBUG]2024-05-15 14:29:18,739: None
[DEBUG]2024-05-15 14:29:18,739: None
[DEBUG]2024-05-15 14:29:18,739: None
[DEBUG]2024-05-15 14:29:18,739: None
[DEBUG]2024-05-15 14:29:18,740: None
[DEBUG]2024-05-15 14:29:18,740: None
[DEBUG]2024-05-15 14:29:18,740: None
[DEBUG]2024-05-15 14:29:18,740: None
[DEBUG]2024-05-15 14:29:18,740: None
[DEBUG]2024-05-15 14:29:18,740: None
[DEBUG]2024-05-15 14:29:18,740: None
[DEBUG]2024-05-15 14:29:18,740: None
[DEBUG]2024-05-15 14:29:18,740: None
[DEBUG]2024-05-15 14:29:18,740: None
[DEBUG]2024-05-15 14:29:18,740: None
[DEBUG]2024-05-15 14:29:18,740: None
[DEBUG]2024-05-15 14:29:18,740: None
[DEBUG]2024-05-15 14:29:18,740: None
[DEBUG]2024-05-15 14:29:18,740: None
[DEBUG]2024-05-15 14:29:18,740: None
[DEBUG]2024-05-15 14:29:18,740: None
[DEBUG]2024-05-15 14:29:18,741: None
[DEBUG]2024-05-15 14:29:18,741: None
[DEBUG]2024-05-15 14:29:18,741: None
[DEBUG]2024-05-15 14:29:18,741: None
[DEBUG]2024-05-15 14:29:18,741: None
[DEBUG]2024-05-15 14:29:18,741: None
[DEBUG]2024-05-15 14:29:18,741: None
[DEBUG]2024-05-15 14:29:18,741: None
[DEBUG]2024-05-15 14:29:18,741: None
[DEBUG]2024-05-15 14:29:18,741: None
[DEBUG]2024-05-15 14:29:18,742: None
[DEBUG]2024-05-15 14:29:18,742: None
[DEBUG]2024-05-15 14:29:18,742: None
[DEBUG]2024-05-15 14:29:18,742: None
[DEBUG]2024-05-15 14:29:18,742: None
[DEBUG]2024-05-15 14:29:18,742: None
[DEBUG]2024-05-15 14:29:18,742: None
[DEBUG]2024-05-15 14:29:18,742: None
[DEBUG]2024-05-15 14:29:18,742: None
[DEBUG]2024-05-15 14:29:18,742: None
[DEBUG]2024-05-15 14:29:18,742: None
[DEBUG]2024-05-15 14:29:18,742: None
[DEBUG]2024-05-15 14:29:18,742: None
[DEBUG]2024-05-15 14:29:18,742: None
[DEBUG]2024-05-15 14:29:18,742: None
[DEBUG]2024-05-15 14:29:18,742: None
[DEBUG]2024-05-15 14:29:18,742: None
[DEBUG]2024-05-15 14:29:18,742: None
[DEBUG]2024-05-15 14:29:18,742: None
[DEBUG]2024-05-15 14:29:18,742: None
[DEBUG]2024-05-15 14:29:18,742: None
[DEBUG]2024-05-15 14:29:18,742: None
[DEBUG]2024-05-15 14:29:18,742: None
[DEBUG]2024-05-15 14:29:18,743: None
[DEBUG]2024-05-15 14:29:18,743: None
[DEBUG]2024-05-15 14:29:18,743: None
[DEBUG]2024-05-15 14:29:18,743: None
[DEBUG]2024-05-15 14:29:18,743: None
[DEBUG]2024-05-15 14:29:18,743: None
[DEBUG]2024-05-15 14:29:18,743: None
[DEBUG]2024-05-15 14:29:18,743: None
[DEBUG]2024-05-15 14:29:18,743: None
[DEBUG]2024-05-15 14:29:18,743: None
[DEBUG]2024-05-15 14:29:18,743: None
[DEBUG]2024-05-15 14:29:18,743: None
[DEBUG]2024-05-15 14:29:18,743: None
[DEBUG]2024-05-15 14:29:18,743: None
[DEBUG]2024-05-15 14:29:18,743: None
[DEBUG]2024-05-15 14:29:18,743: None
[DEBUG]2024-05-15 14:29:18,743: None
[DEBUG]2024-05-15 14:29:18,743: None
[DEBUG]2024-05-15 14:29:18,743: None
[DEBUG]2024-05-15 14:29:18,743: None
[DEBUG]2024-05-15 14:29:18,743: None
[DEBUG]2024-05-15 14:29:18,743: None
[DEBUG]2024-05-15 14:29:18,743: None
[DEBUG]2024-05-15 14:29:18,743: None
[DEBUG]2024-05-15 14:29:18,743: None
[DEBUG]2024-05-15 14:29:18,743: None
[DEBUG]2024-05-15 14:29:18,743: None
[DEBUG]2024-05-15 14:29:18,744: None
[DEBUG]2024-05-15 14:29:18,744: None
[DEBUG]2024-05-15 14:29:18,744: None
[DEBUG]2024-05-15 14:29:18,744: None
[DEBUG]2024-05-15 14:29:18,744: None
[DEBUG]2024-05-15 14:29:18,744: None
[DEBUG]2024-05-15 14:29:18,744: None
[DEBUG]2024-05-15 14:29:18,744: None
[DEBUG]2024-05-15 14:29:18,744: None
[DEBUG]2024-05-15 14:29:18,744: None
[DEBUG]2024-05-15 14:29:18,744: None
[DEBUG]2024-05-15 14:29:18,744: None
[DEBUG]2024-05-15 14:29:18,744: None
[DEBUG]2024-05-15 14:29:18,744: None
[DEBUG]2024-05-15 14:29:18,744: None
[DEBUG]2024-05-15 14:29:18,745: None
[DEBUG]2024-05-15 14:29:18,745: None
[DEBUG]2024-05-15 14:29:18,745: None
[DEBUG]2024-05-15 14:29:18,745: None
[DEBUG]2024-05-15 14:29:18,745: None
[DEBUG]2024-05-15 14:29:18,745: None
[DEBUG]2024-05-15 14:29:18,745: None
[DEBUG]2024-05-15 14:29:18,745: None
[DEBUG]2024-05-15 14:29:18,745: None
[DEBUG]2024-05-15 14:29:18,745: None
[DEBUG]2024-05-15 14:29:18,745: None
[DEBUG]2024-05-15 14:29:18,745: None
[DEBUG]2024-05-15 14:29:18,745: None
[DEBUG]2024-05-15 14:29:18,745: None
[DEBUG]2024-05-15 14:29:18,745: None
[DEBUG]2024-05-15 14:29:18,745: None
[DEBUG]2024-05-15 14:29:18,746: None
[DEBUG]2024-05-15 14:29:18,746: None
[DEBUG]2024-05-15 14:29:18,746: None
[DEBUG]2024-05-15 14:29:18,746: None
[DEBUG]2024-05-15 14:29:18,746: None
[DEBUG]2024-05-15 14:29:18,746: None
[DEBUG]2024-05-15 14:29:18,746: None
[DEBUG]2024-05-15 14:29:18,746: None
[DEBUG]2024-05-15 14:29:18,746: None
[DEBUG]2024-05-15 14:29:18,746: None
[DEBUG]2024-05-15 14:29:18,746: None
[DEBUG]2024-05-15 14:29:18,746: None
[DEBUG]2024-05-15 14:29:18,746: None
[DEBUG]2024-05-15 14:29:18,746: None
[DEBUG]2024-05-15 14:29:18,746: None
[DEBUG]2024-05-15 14:29:18,746: None
[DEBUG]2024-05-15 14:29:18,746: None
[DEBUG]2024-05-15 14:29:18,747: None
[DEBUG]2024-05-15 14:29:18,747: None
[DEBUG]2024-05-15 14:29:18,747: None
[DEBUG]2024-05-15 14:29:18,747: None
[DEBUG]2024-05-15 14:29:18,747: None
[DEBUG]2024-05-15 14:29:18,747: None
[DEBUG]2024-05-15 14:29:18,747: None
[DEBUG]2024-05-15 14:29:18,747: None
[DEBUG]2024-05-15 14:29:18,747: None
[DEBUG]2024-05-15 14:29:18,747: None
[DEBUG]2024-05-15 14:29:18,747: None
[DEBUG]2024-05-15 14:29:18,747: None
[DEBUG]2024-05-15 14:29:18,747: None
[DEBUG]2024-05-15 14:29:18,747: None
[DEBUG]2024-05-15 14:29:18,747: None
[DEBUG]2024-05-15 14:29:18,747: None
[DEBUG]2024-05-15 14:29:18,747: None
[DEBUG]2024-05-15 14:29:18,747: None
[DEBUG]2024-05-15 14:29:18,747: None
[DEBUG]2024-05-15 14:29:18,747: None
[DEBUG]2024-05-15 14:29:18,747: None
[DEBUG]2024-05-15 14:29:18,747: None
[DEBUG]2024-05-15 14:29:18,747: None
[DEBUG]2024-05-15 14:29:18,747: None
[DEBUG]2024-05-15 14:29:18,747: None
[DEBUG]2024-05-15 14:29:18,747: None
[DEBUG]2024-05-15 14:29:18,747: None
[DEBUG]2024-05-15 14:29:18,747: None
[DEBUG]2024-05-15 14:29:18,747: None
[DEBUG]2024-05-15 14:29:18,747: None
[DEBUG]2024-05-15 14:29:18,747: None
[DEBUG]2024-05-15 14:29:18,747: None
[DEBUG]2024-05-15 14:29:18,747: None
[DEBUG]2024-05-15 14:29:18,747: None
[DEBUG]2024-05-15 14:29:18,747: None
[DEBUG]2024-05-15 14:29:18,747: None
[DEBUG]2024-05-15 14:29:18,747: None
[DEBUG]2024-05-15 14:29:18,748: None
[DEBUG]2024-05-15 14:29:18,748: None
[DEBUG]2024-05-15 14:29:18,748: None
[DEBUG]2024-05-15 14:29:18,748: None
[DEBUG]2024-05-15 14:29:18,748: None
[DEBUG]2024-05-15 14:29:18,748: None
[DEBUG]2024-05-15 14:29:18,748: None
[DEBUG]2024-05-15 14:29:18,748: None
[DEBUG]2024-05-15 14:29:18,748: None
[DEBUG]2024-05-15 14:29:18,748: None
[DEBUG]2024-05-15 14:29:18,748: None
[DEBUG]2024-05-15 14:29:18,748: None
[DEBUG]2024-05-15 14:29:18,748: None
[DEBUG]2024-05-15 14:29:18,748: None
[DEBUG]2024-05-15 14:29:18,748: None
[DEBUG]2024-05-15 14:29:18,748: None
[DEBUG]2024-05-15 14:29:18,748: None
[DEBUG]2024-05-15 14:29:18,748: None
[DEBUG]2024-05-15 14:29:18,748: None
[DEBUG]2024-05-15 14:29:18,748: None
[DEBUG]2024-05-15 14:29:18,749: None
[DEBUG]2024-05-15 14:29:18,749: None
[DEBUG]2024-05-15 14:29:18,749: None
[DEBUG]2024-05-15 14:29:18,749: None
[DEBUG]2024-05-15 14:29:18,749: None
[DEBUG]2024-05-15 14:29:18,749: None
[DEBUG]2024-05-15 14:29:18,749: None
[DEBUG]2024-05-15 14:29:18,749: None
[DEBUG]2024-05-15 14:29:18,749: None
[DEBUG]2024-05-15 14:29:18,749: None
[DEBUG]2024-05-15 14:29:18,749: None
[DEBUG]2024-05-15 14:29:18,749: None
[DEBUG]2024-05-15 14:29:18,749: None
[DEBUG]2024-05-15 14:29:18,749: None
[DEBUG]2024-05-15 14:29:18,749: None
[DEBUG]2024-05-15 14:29:18,749: None
[DEBUG]2024-05-15 14:29:18,749: None
[DEBUG]2024-05-15 14:29:18,749: None
[DEBUG]2024-05-15 14:29:18,749: None
[DEBUG]2024-05-15 14:29:18,749: None
[DEBUG]2024-05-15 14:29:18,749: None
[DEBUG]2024-05-15 14:29:18,750: None
[DEBUG]2024-05-15 14:29:18,750: None
[DEBUG]2024-05-15 14:29:18,750: None
[DEBUG]2024-05-15 14:29:18,750: None
[DEBUG]2024-05-15 14:29:18,750: None
[DEBUG]2024-05-15 14:29:18,750: None
[DEBUG]2024-05-15 14:29:18,750: None
[DEBUG]2024-05-15 14:29:18,750: None
[DEBUG]2024-05-15 14:29:18,750: None
[DEBUG]2024-05-15 14:29:18,750: None
[DEBUG]2024-05-15 14:29:18,750: None
[DEBUG]2024-05-15 14:29:18,750: None
[DEBUG]2024-05-15 14:29:18,750: None
[DEBUG]2024-05-15 14:29:18,750: None
[DEBUG]2024-05-15 14:29:18,750: None
[DEBUG]2024-05-15 14:29:18,750: None
[DEBUG]2024-05-15 14:29:18,750: None
[DEBUG]2024-05-15 14:29:18,750: None
[DEBUG]2024-05-15 14:29:18,750: None
[DEBUG]2024-05-15 14:29:18,750: None
[DEBUG]2024-05-15 14:29:18,750: None
[DEBUG]2024-05-15 14:29:18,750: None
[DEBUG]2024-05-15 14:29:18,750: None
[DEBUG]2024-05-15 14:29:18,750: None
[DEBUG]2024-05-15 14:29:18,750: None
[DEBUG]2024-05-15 14:29:18,750: None
[DEBUG]2024-05-15 14:29:18,750: None
[DEBUG]2024-05-15 14:29:18,750: None
[DEBUG]2024-05-15 14:29:18,750: None
[DEBUG]2024-05-15 14:29:18,750: None
[DEBUG]2024-05-15 14:29:18,750: None
[DEBUG]2024-05-15 14:29:18,750: None
[DEBUG]2024-05-15 14:29:18,750: None
[DEBUG]2024-05-15 14:29:18,750: None
[DEBUG]2024-05-15 14:29:18,750: None
[DEBUG]2024-05-15 14:29:18,750: None
[DEBUG]2024-05-15 14:29:18,750: None
[DEBUG]2024-05-15 14:29:18,750: None
[DEBUG]2024-05-15 14:29:18,750: None
[DEBUG]2024-05-15 14:29:18,750: None
[DEBUG]2024-05-15 14:29:18,750: None
[DEBUG]2024-05-15 14:29:18,750: None
[DEBUG]2024-05-15 14:29:18,750: None
[DEBUG]2024-05-15 14:29:18,750: None
[DEBUG]2024-05-15 14:29:18,750: None
